<?xml version="1.0" encoding="UTF-8"?>
<testsuite xmlns:xsi="http://www.w3.org/2001/XMLSchema-instance" xsi:noNamespaceSchemaLocation="https://maven.apache.org/surefire/maven-surefire-plugin/xsd/surefire-test-report-3.0.xsd" version="3.0" name="com.example.demo.controller.OrderControllerTest" time="4.915" tests="2" errors="0" skipped="0" failures="0">
  <properties>
[...]
</properties>
  <testcase name="shouldCreateOrderSuccessfully" classname="com.example.demo.controller.OrderControllerTest" time="0.54">
    <system-out><![CDATA[13:33:05.997 [main] INFO org.springframework.test.context.support.AnnotationConfigContextLoaderUtils -- Could not detect default configuration classes for test class [com.example.demo.controller.OrderControllerTest]: OrderControllerTest does not declare any static, non-private, non-final, nested classes annotated with @Configuration.
13:33:06.188 [main] INFO org.springframework.boot.test.context.SpringBootTestContextBootstrapper -- Found @SpringBootConfiguration com.example.demo.SpringPlsqlApplication for test class com.example.demo.controller.OrderControllerTest

  .   ____          _            __ _ _
 /\\ / ___'_ __ _ _(_)_ __  __ _ \ \ \ \
( ( )\___ | '_ | '_| | '_ \/ _` | \ \ \ \
 \\/  ___)| |_)| | | | | || (_| |  ) ) ) )
  '  |____| .__|_| |_|_| |_\__, | / / / /
 =========|_|==============|___/=/_/_/_/

 :: Spring Boot ::                (v3.3.2)

2026-09-02T13:33:06.931+03:00  INFO 10908 --- [spring-plsql-app] [           main] c.e.demo.controller.OrderControllerTest  : Starting OrderControllerTest using Java 22.0.2 with PID 10908 (started by Stavr in C:\Users\Stavr\IdeaProjects\spring-plsql\app)
2026-09-02T13:33:06.932+03:00 DEBUG 10908 --- [spring-plsql-app] [           main] c.e.demo.controller.OrderControllerTest  : Running with Spring Boot v3.3.2, Spring v6.1.11
2026-09-02T13:33:06.933+03:00  INFO 10908 --- [spring-plsql-app] [           main] c.e.demo.controller.OrderControllerTest  : No active profile set, falling back to 1 default profile: "default"
2026-09-02T13:33:10.020+03:00  INFO 10908 --- [spring-plsql-app] [           main] o.s.b.t.m.w.SpringBootMockServletContext : Initializing Spring TestDispatcherServlet ''
2026-09-02T13:33:10.021+03:00  INFO 10908 --- [spring-plsql-app] [           main] o.s.t.web.servlet.TestDispatcherServlet  : Initializing Servlet ''
2026-09-02T13:33:10.028+03:00  INFO 10908 --- [spring-plsql-app] [           main] o.s.t.web.servlet.TestDispatcherServlet  : Completed initialization in 2 ms
2026-09-02T13:33:10.079+03:00  INFO 10908 --- [spring-plsql-app] [           main] c.e.demo.controller.OrderControllerTest  : Started OrderControllerTest in 3.791 seconds (process running for 5.183)
]]></system-out>
    <system-err><![CDATA[WARNING: A Java agent has been loaded dynamically (C:\Users\Stavr\.m2\repository\net\bytebuddy\byte-buddy-agent\1.14.18\byte-buddy-agent-1.14.18.jar)
WARNING: If a serviceability tool is in use, please run with -XX:+EnableDynamicAgentLoading to hide this warning
WARNING: If a serviceability tool is not in use, please run with -Djdk.instrument.traceUsage for more information
WARNING: Dynamic loading of agents will be disallowed by default in a future release
]]></system-err>
  </testcase>
  <testcase name="shouldReturn400WhenValidationFails" classname="com.example.demo.controller.OrderControllerTest" time="0.03"/>
</testsuite>